2018-12-03T08:40:06.6571313+02:00 0HLIOT8KGBIKB:00000001 [INF] Request starting HTTP/1.1 GET http://localhost:56624/   (ca22a1cb)
2018-12-03T08:40:07.0113525+02:00 0HLIOT8KGBIKB:00000001 [INF] Request finished in 384.7555ms 200 text/html (791a596a)
2018-12-03T08:40:07.1874771+02:00 0HLIOT8KGBIKB:00000002 [INF] Request starting HTTP/1.1 GET http://localhost:56624/swagger-ui.css   (ca22a1cb)
2018-12-03T08:40:07.1982019+02:00 0HLIOT8KGBIKC:00000001 [INF] Request starting HTTP/1.1 GET http://localhost:56624/swagger-ui-bundle.js   (ca22a1cb)
2018-12-03T08:40:07.1982019+02:00 0HLIOT8KGBIKD:00000001 [INF] Request starting HTTP/1.1 GET http://localhost:56624/swagger-ui-standalone-preset.js   (ca22a1cb)
2018-12-03T08:40:07.2379318+02:00 0HLIOT8KGBIKD:00000001 [INF] Sending file. Request path: '"/swagger-ui-standalone-preset.js"'. Physical path: '"N/A"' (27b0a520)
2018-12-03T08:40:07.2379318+02:00 0HLIOT8KGBIKB:00000002 [INF] Sending file. Request path: '"/swagger-ui.css"'. Physical path: '"N/A"' (27b0a520)
2018-12-03T08:40:07.2379357+02:00 0HLIOT8KGBIKC:00000001 [INF] Sending file. Request path: '"/swagger-ui-bundle.js"'. Physical path: '"N/A"' (27b0a520)
2018-12-03T08:40:07.2990625+02:00 0HLIOT8KGBIKB:00000002 [INF] Request finished in 111.5105ms 200 text/css (791a596a)
2018-12-03T08:40:07.3187724+02:00 0HLIOT8KGBIKD:00000001 [INF] Request finished in 120.5464ms 200 application/javascript (791a596a)
2018-12-03T08:40:07.4105705+02:00 0HLIOT8KGBIKC:00000001 [INF] Request finished in 212.2555ms 200 application/javascript (791a596a)
2018-12-03T08:40:07.7753780+02:00 0HLIOT8KGBIKC:00000002 [INF] Request starting HTTP/1.1 GET http://localhost:56624/favicon-16x16.png   (ca22a1cb)
2018-12-03T08:40:07.7755809+02:00 0HLIOT8KGBIKC:00000002 [INF] Sending file. Request path: '"/favicon-16x16.png"'. Physical path: '"N/A"' (27b0a520)
2018-12-03T08:40:07.7758495+02:00 0HLIOT8KGBIKC:00000002 [INF] Request finished in 0.4779ms 200 image/png (791a596a)
2018-12-03T08:40:07.8523352+02:00 0HLIOT8KGBIKC:00000003 [INF] Request starting HTTP/1.1 GET http://localhost:56624/swagger/v1/swagger.json   (ca22a1cb)
2018-12-03T08:40:08.3878946+02:00 0HLIOT8KGBIKC:00000003 [INF] Request finished in 535.5955ms 200 application/json (791a596a)
2018-12-03T08:40:18.3836068+02:00 0HLIOT8KGBIKC:00000004 [INF] Request starting HTTP/1.1 POST http://localhost:56624/api/News application/json-patch+json 96 (ca22a1cb)
2018-12-03T08:40:18.7919190+02:00 0HLIOT8KGBIKC:00000004 [INF] Executing action method "News.Api.Controllers.NewsController.Post (News.Api)" with arguments (["News.Core.Models.NewsModel"]) - ModelState is Valid (ba7f4ac2)
2018-12-03T08:40:18.8039306+02:00 0HLIOT8KGBIKC:00000004 [INF] Entity Framework Core "2.0.3-rtm-10026" initialized '"ApplicationDbContext"' using provider '"Microsoft.EntityFrameworkCore.SqlServer"' with options: "None" (9958f5bb)
2018-12-03T08:40:19.2726797+02:00 0HLIOT8KGBIKC:00000004 [INF] Executed DbCommand ("84"ms) [Parameters=["@__title_0='?' (Size = 100)"], CommandType='Text', CommandTimeout='30']"
""SELECT CASE
    WHEN EXISTS (
        SELECT 1
        FROM [News] AS [news]
        WHERE [news].[Title] = @__title_0)
    THEN CAST(1 AS BIT) ELSE CAST(0 AS BIT)
END" (0723d8ff)
2018-12-03T08:40:19.5278338+02:00 0HLIOT8KGBIKC:00000004 [INF] Executed DbCommand ("11"ms) [Parameters=["@p0='?' (Size = 4000), @p1='?', @p2='?' (Size = 100)"], CommandType='Text', CommandTimeout='30']"
""SET NOCOUNT ON;
INSERT INTO [News] ([Content], [PublishDate], [Title])
VALUES (@p0, @p1, @p2);
SELECT [Id]
FROM [News]
WHERE @@ROWCOUNT = 1 AND [Id] = scope_identity();" (0723d8ff)
2018-12-03T08:40:19.6152535+02:00 0HLIOT8KGBIKC:00000004 [INF] Executing ObjectResult, writing value "Microsoft.AspNetCore.Mvc.ControllerContext". (4e968210)
2018-12-03T08:40:19.6761421+02:00 0HLIOT8KGBIKC:00000004 [INF] Executed action "News.Api.Controllers.NewsController.Post (News.Api)" in 1067.4708ms (afa2e885)
2018-12-03T08:40:19.6817332+02:00 0HLIOT8KGBIKC:00000004 [INF] Request finished in 1298.2376ms 201 application/json; charset=utf-8 (791a596a)
2018-12-03T08:40:28.2888974+02:00 0HLIOT8KGBIKC:00000005 [INF] Request starting HTTP/1.1 GET http://localhost:56624/api/News   (ca22a1cb)
2018-12-03T08:40:28.2964567+02:00 0HLIOT8KGBIKC:00000005 [INF] Executing action method "News.Api.Controllers.NewsController.Get (News.Api)" with arguments (null) - ModelState is Valid (ba7f4ac2)
2018-12-03T08:40:28.3102749+02:00 0HLIOT8KGBIKC:00000005 [INF] Entity Framework Core "2.0.3-rtm-10026" initialized '"ApplicationDbContext"' using provider '"Microsoft.EntityFrameworkCore.SqlServer"' with options: "None" (9958f5bb)
2018-12-03T08:40:28.4258998+02:00 0HLIOT8KGBIKC:00000005 [INF] Executed DbCommand ("1"ms) [Parameters=[""], CommandType='Text', CommandTimeout='30']"
""SELECT [dto].[Id], [dto].[Title], [dto].[Content], [dto].[PublishDate]
FROM [News] AS [dto]
ORDER BY [dto].[PublishDate] DESC" (0723d8ff)
2018-12-03T08:40:28.4439866+02:00 0HLIOT8KGBIKC:00000005 [INF] Executing ObjectResult, writing value "Microsoft.AspNetCore.Mvc.ControllerContext". (4e968210)
2018-12-03T08:40:28.4458830+02:00 0HLIOT8KGBIKC:00000005 [INF] Executed action "News.Api.Controllers.NewsController.Get (News.Api)" in 149.5108ms (afa2e885)
2018-12-03T08:40:28.4465348+02:00 0HLIOT8KGBIKC:00000005 [INF] Request finished in 157.3122ms 200 application/json; charset=utf-8 (791a596a)
2018-12-03T08:44:19.8617585+02:00 0HLIOTAVA7RRA:00000001 [INF] Request starting HTTP/1.1 GET http://localhost:56624/   (ca22a1cb)
2018-12-03T08:44:20.1723902+02:00 0HLIOTAVA7RRA:00000001 [INF] Request finished in 395.1324ms 200 text/html (791a596a)
2018-12-03T08:44:20.3446061+02:00 0HLIOTAVA7RRA:00000002 [INF] Request starting HTTP/1.1 GET http://localhost:56624/swagger-ui.css   (ca22a1cb)
2018-12-03T08:44:20.3827875+02:00 0HLIOTAVA7RRB:00000001 [INF] Request starting HTTP/1.1 GET http://localhost:56624/swagger-ui-bundle.js   (ca22a1cb)
2018-12-03T08:44:20.3928974+02:00 0HLIOTAVA7RRC:00000001 [INF] Request starting HTTP/1.1 GET http://localhost:56624/swagger-ui-standalone-preset.js   (ca22a1cb)
2018-12-03T08:44:20.3981766+02:00 0HLIOTAVA7RRB:00000001 [INF] The file "/swagger-ui-bundle.js" was not modified (f1f8d725)
2018-12-03T08:44:20.3981768+02:00 0HLIOTAVA7RRC:00000001 [INF] The file "/swagger-ui-standalone-preset.js" was not modified (f1f8d725)
2018-12-03T08:44:20.4097355+02:00 0HLIOTAVA7RRC:00000001 [INF] Request finished in 16.9527ms 304 application/javascript (791a596a)
2018-12-03T08:44:20.4097184+02:00 0HLIOTAVA7RRB:00000001 [INF] Request finished in 26.9681ms 304 application/javascript (791a596a)
2018-12-03T08:44:20.4261747+02:00 0HLIOTAVA7RRA:00000002 [INF] Sending file. Request path: '"/swagger-ui.css"'. Physical path: '"N/A"' (27b0a520)
2018-12-03T08:44:20.4669166+02:00 0HLIOTAVA7RRA:00000002 [INF] Request finished in 122.3544ms 200 text/css (791a596a)
2018-12-03T08:44:21.0587695+02:00 0HLIOTAVA7RRB:00000002 [INF] Request starting HTTP/1.1 GET http://localhost:56624/favicon-16x16.png   (ca22a1cb)
2018-12-03T08:44:21.0596469+02:00 0HLIOTAVA7RRB:00000002 [INF] Sending file. Request path: '"/favicon-16x16.png"'. Physical path: '"N/A"' (27b0a520)
2018-12-03T08:44:21.0613706+02:00 0HLIOTAVA7RRB:00000002 [INF] Request finished in 3.4444ms 200 image/png (791a596a)
2018-12-03T08:44:21.1828631+02:00 0HLIOTAVA7RRB:00000003 [INF] Request starting HTTP/1.1 GET http://localhost:56624/swagger/v1/swagger.json   (ca22a1cb)
2018-12-03T08:44:21.8609159+02:00 0HLIOTAVA7RRB:00000003 [INF] Request finished in 677.4554ms 200 application/json (791a596a)
2018-12-03T09:08:38.8913400+02:00 0HLIOTOJ2TE83:00000001 [INF] Request starting HTTP/1.1 GET http://localhost:56624/   (ca22a1cb)
2018-12-03T09:08:38.9874244+02:00 0HLIOTOJ2TE83:00000001 [INF] Request finished in 124.0645ms 200 text/html (791a596a)
2018-12-03T09:08:39.0050509+02:00 0HLIOTOJ2TE84:00000001 [INF] Request starting HTTP/1.1 GET http://localhost:56624/swagger-ui-bundle.js   (ca22a1cb)
2018-12-03T09:08:39.0100280+02:00 0HLIOTOJ2TE85:00000001 [INF] Request starting HTTP/1.1 GET http://localhost:56624/swagger-ui-standalone-preset.js   (ca22a1cb)
2018-12-03T09:08:39.0210745+02:00 0HLIOTOJ2TE83:00000002 [INF] Request starting HTTP/1.1 GET http://localhost:56624/swagger-ui.css   (ca22a1cb)
2018-12-03T09:08:39.0405571+02:00 0HLIOTOJ2TE84:00000001 [INF] The file "/swagger-ui-bundle.js" was not modified (f1f8d725)
2018-12-03T09:08:39.0405540+02:00 0HLIOTOJ2TE85:00000001 [INF] The file "/swagger-ui-standalone-preset.js" was not modified (f1f8d725)
2018-12-03T09:08:39.0446783+02:00 0HLIOTOJ2TE83:00000002 [INF] Sending file. Request path: '"/swagger-ui.css"'. Physical path: '"N/A"' (27b0a520)
2018-12-03T09:08:39.0495682+02:00 0HLIOTOJ2TE84:00000001 [INF] Request finished in 45.4467ms 304 application/javascript (791a596a)
2018-12-03T09:08:39.0495682+02:00 0HLIOTOJ2TE85:00000001 [INF] Request finished in 40.0594ms 304 application/javascript (791a596a)
2018-12-03T09:08:39.0828712+02:00 0HLIOTOJ2TE83:00000002 [INF] Request finished in 61.7602ms 200 text/css (791a596a)
2018-12-03T09:08:39.2817807+02:00 0HLIOTOJ2TE84:00000002 [INF] Request starting HTTP/1.1 GET http://localhost:56624/favicon-16x16.png   (ca22a1cb)
2018-12-03T09:08:39.2819954+02:00 0HLIOTOJ2TE84:00000002 [INF] Sending file. Request path: '"/favicon-16x16.png"'. Physical path: '"N/A"' (27b0a520)
2018-12-03T09:08:39.2822016+02:00 0HLIOTOJ2TE84:00000002 [INF] Request finished in 0.4771ms 200 image/png (791a596a)
2018-12-03T09:08:39.3271845+02:00 0HLIOTOJ2TE84:00000003 [INF] Request starting HTTP/1.1 GET http://localhost:56624/swagger/v1/swagger.json   (ca22a1cb)
2018-12-03T09:08:39.7028637+02:00 0HLIOTOJ2TE84:00000003 [INF] Request finished in 375.6746ms 200 application/json (791a596a)
2018-12-03T09:33:24.4215800+02:00 0HLIOU6DMSLKC:00000001 [INF] Request starting HTTP/1.1 GET http://localhost:56624/   (ca22a1cb)
2018-12-03T09:33:24.5968075+02:00 0HLIOU6DMSLKC:00000001 [INF] Request finished in 215.7921ms 200 text/html (791a596a)
2018-12-03T09:33:24.6129285+02:00 0HLIOU6DMSLKD:00000001 [INF] Request starting HTTP/1.1 GET http://localhost:56624/swagger-ui-bundle.js   (ca22a1cb)
2018-12-03T09:33:24.6146615+02:00 0HLIOU6DMSLKC:00000002 [INF] Request starting HTTP/1.1 GET http://localhost:56624/swagger-ui.css   (ca22a1cb)
2018-12-03T09:33:24.6194253+02:00 0HLIOU6DMSLKE:00000001 [INF] Request starting HTTP/1.1 GET http://localhost:56624/swagger-ui-standalone-preset.js   (ca22a1cb)
2018-12-03T09:33:24.6556296+02:00 0HLIOU6DMSLKE:00000001 [INF] The file "/swagger-ui-standalone-preset.js" was not modified (f1f8d725)
2018-12-03T09:33:24.6566505+02:00 0HLIOU6DMSLKC:00000002 [INF] Sending file. Request path: '"/swagger-ui.css"'. Physical path: '"N/A"' (27b0a520)
2018-12-03T09:33:24.6639627+02:00 0HLIOU6DMSLKD:00000001 [INF] The file "/swagger-ui-bundle.js" was not modified (f1f8d725)
2018-12-03T09:33:24.6656170+02:00 0HLIOU6DMSLKE:00000001 [INF] Request finished in 46.5872ms 304 application/javascript (791a596a)
2018-12-03T09:33:24.6658830+02:00 0HLIOU6DMSLKD:00000001 [INF] Request finished in 54.3208ms 304 application/javascript (791a596a)
2018-12-03T09:33:24.7098193+02:00 0HLIOU6DMSLKC:00000002 [INF] Request finished in 95.0753ms 200 text/css (791a596a)
2018-12-03T09:33:25.1007914+02:00 0HLIOU6DMSLKE:00000002 [INF] Request starting HTTP/1.1 GET http://localhost:56624/favicon-16x16.png   (ca22a1cb)
2018-12-03T09:33:25.1014299+02:00 0HLIOU6DMSLKE:00000002 [INF] Sending file. Request path: '"/favicon-16x16.png"'. Physical path: '"N/A"' (27b0a520)
2018-12-03T09:33:25.1016288+02:00 0HLIOU6DMSLKE:00000002 [INF] Request finished in 0.8884ms 200 image/png (791a596a)
2018-12-03T09:33:25.1921244+02:00 0HLIOU6DMSLKE:00000003 [INF] Request starting HTTP/1.1 GET http://localhost:56624/swagger/v1/swagger.json   (ca22a1cb)
2018-12-03T09:33:25.8792892+02:00 0HLIOU6DMSLKE:00000003 [INF] Request finished in 684.8888ms 200 application/json (791a596a)
2018-12-03T09:57:59.6751283+02:00 0HLIOUK3LTFAH:00000001 [INF] Request starting HTTP/1.1 GET http://localhost:56624/   (ca22a1cb)
2018-12-03T09:58:00.3041398+02:00 0HLIOUK3LTFAJ:00000001 [INF] Request starting HTTP/1.1 GET http://localhost:56624/swagger-ui-standalone-preset.js   (ca22a1cb)
2018-12-03T09:58:00.3475038+02:00 0HLIOUK3LTFAI:00000001 [INF] Request starting HTTP/1.1 GET http://localhost:56624/swagger-ui-bundle.js   (ca22a1cb)
2018-12-03T09:58:00.4134316+02:00 0HLIOUK3LTFAH:00000001 [INF] Request finished in 717.6087ms 200 text/html (791a596a)
2018-12-03T09:58:00.5012605+02:00 0HLIOUK3LTFAI:00000001 [INF] The file "/swagger-ui-bundle.js" was not modified (f1f8d725)
2018-12-03T09:58:00.5828641+02:00 0HLIOUK3LTFAJ:00000001 [INF] The file "/swagger-ui-standalone-preset.js" was not modified (f1f8d725)
2018-12-03T09:58:00.6629036+02:00 0HLIOUK3LTFAH:00000002 [INF] Request starting HTTP/1.1 GET http://localhost:56624/swagger-ui.css   (ca22a1cb)
2018-12-03T09:58:00.6994948+02:00 0HLIOUK3LTFAI:00000001 [INF] Request finished in 294.6719ms 304 application/javascript (791a596a)
2018-12-03T09:58:00.7706013+02:00 0HLIOUK3LTFAJ:00000001 [INF] Request finished in 364.3154ms 304 application/javascript (791a596a)
2018-12-03T09:58:00.8049033+02:00 0HLIOUK3LTFAH:00000002 [INF] Sending file. Request path: '"/swagger-ui.css"'. Physical path: '"N/A"' (27b0a520)
2018-12-03T09:58:00.9041752+02:00 0HLIOUK3LTFAH:00000002 [INF] Request finished in 326.7496ms 200 text/css (791a596a)
2018-12-03T09:58:01.0670092+02:00 0HLIOUK3LTFAI:00000002 [INF] Request starting HTTP/1.1 GET http://localhost:56624/favicon-16x16.png   (ca22a1cb)
2018-12-03T09:58:01.0801861+02:00 0HLIOUK3LTFAI:00000002 [INF] Sending file. Request path: '"/favicon-16x16.png"'. Physical path: '"N/A"' (27b0a520)
2018-12-03T09:58:01.1041879+02:00 0HLIOUK3LTFAI:00000002 [INF] Request finished in 29.4201ms 200 image/png (791a596a)
2018-12-03T09:58:01.1335386+02:00 0HLIOUK3LTFAI:00000003 [INF] Request starting HTTP/1.1 GET http://localhost:56624/swagger/v1/swagger.json   (ca22a1cb)
2018-12-03T09:58:01.7751384+02:00 0HLIOUK3LTFAI:00000003 [INF] Request finished in 646.0436ms 200 application/json (791a596a)
2018-12-03T10:00:40.2154301+02:00 0HLIOULL7R751:00000001 [INF] Request starting HTTP/1.1 GET http://localhost:56624/   (ca22a1cb)
2018-12-03T10:00:40.5166007+02:00 0HLIOULL7R751:00000001 [INF] Request finished in 272.0028ms 200 text/html (791a596a)
2018-12-03T10:00:40.5431228+02:00 0HLIOULL7R752:00000001 [INF] Request starting HTTP/1.1 GET http://localhost:56624/swagger-ui-bundle.js   (ca22a1cb)
2018-12-03T10:00:40.5567388+02:00 0HLIOULL7R753:00000001 [INF] Request starting HTTP/1.1 GET http://localhost:56624/swagger-ui.css   (ca22a1cb)
2018-12-03T10:00:40.5942813+02:00 0HLIOULL7R754:00000001 [INF] Request starting HTTP/1.1 GET http://localhost:56624/swagger-ui-standalone-preset.js   (ca22a1cb)
2018-12-03T10:00:40.7636294+02:00 0HLIOULL7R753:00000001 [INF] The file "/swagger-ui.css" was not modified (f1f8d725)
2018-12-03T10:00:40.8398486+02:00 0HLIOULL7R754:00000001 [INF] The file "/swagger-ui-standalone-preset.js" was not modified (f1f8d725)
2018-12-03T10:00:40.9507534+02:00 0HLIOULL7R754:00000001 [INF] Request finished in 460.2779ms 304 application/javascript (791a596a)
2018-12-03T10:00:41.0347983+02:00 0HLIOULL7R752:00000001 [INF] The file "/swagger-ui-bundle.js" was not modified (f1f8d725)
2018-12-03T10:00:41.2533560+02:00 0HLIOULL7R753:00000001 [INF] Request finished in 412.0835ms 304 text/css (791a596a)
2018-12-03T10:00:41.3057619+02:00 0HLIOULL7R752:00000001 [INF] Request finished in 636.1719ms 304 application/javascript (791a596a)
2018-12-03T10:00:41.4085447+02:00 0HLIOULL7R753:00000002 [INF] Request starting HTTP/1.1 GET http://localhost:56624/favicon-16x16.png   (ca22a1cb)
2018-12-03T10:00:41.4581604+02:00 0HLIOULL7R753:00000002 [INF] The file "/favicon-16x16.png" was not modified (f1f8d725)
2018-12-03T10:00:41.5001955+02:00 0HLIOULL7R753:00000002 [INF] Request finished in 78.4503ms 304 image/png (791a596a)
2018-12-03T10:00:41.5219707+02:00 0HLIOULL7R754:00000002 [INF] Request starting HTTP/1.1 GET http://localhost:56624/swagger/v1/swagger.json   (ca22a1cb)
2018-12-03T10:00:42.1402210+02:00 0HLIOULL7R754:00000002 [INF] Request finished in 774.1747ms 200 application/json (791a596a)
2018-12-03T10:05:53.5596257+02:00 0HLIOUOIHN7VT:00000001 [INF] Request starting HTTP/1.1 GET http://localhost:56624/   (ca22a1cb)
2018-12-03T10:05:53.8410919+02:00 0HLIOUOIHN7VU:00000001 [INF] Request starting HTTP/1.1 GET http://localhost:56624/swagger-ui-standalone-preset.js   (ca22a1cb)
2018-12-03T10:05:53.8996578+02:00 0HLIOUOIHN7VV:00000001 [INF] Request starting HTTP/1.1 GET http://localhost:56624/swagger-ui-bundle.js   (ca22a1cb)
2018-12-03T10:05:53.9162075+02:00 0HLIOUOIHN7VT:00000001 [INF] Request finished in 274.1558ms 200 text/html (791a596a)
2018-12-03T10:05:53.9868894+02:00 0HLIOUOIHN7VV:00000001 [INF] The file "/swagger-ui-bundle.js" was not modified (f1f8d725)
2018-12-03T10:05:54.0241337+02:00 0HLIOUOIHN7VU:00000001 [INF] The file "/swagger-ui-standalone-preset.js" was not modified (f1f8d725)
2018-12-03T10:05:54.0859496+02:00 0HLIOUOIHN7VT:00000002 [INF] Request starting HTTP/1.1 GET http://localhost:56624/swagger-ui.css   (ca22a1cb)
2018-12-03T10:05:54.1514466+02:00 0HLIOUOIHN7VT:00000002 [INF] The file "/swagger-ui.css" was not modified (f1f8d725)
2018-12-03T10:05:54.1763019+02:00 0HLIOUOIHN7VV:00000001 [INF] Request finished in 265.395ms 304 application/javascript (791a596a)
2018-12-03T10:05:54.2753814+02:00 0HLIOUOIHN7VU:00000001 [INF] Request finished in 290.4152ms 304 application/javascript (791a596a)
2018-12-03T10:05:54.3871958+02:00 0HLIOUOIHN7VT:00000002 [INF] Request finished in 155.0446ms 304 text/css (791a596a)
2018-12-03T10:05:54.4414786+02:00 0HLIOUOIHN7VV:00000002 [INF] Request starting HTTP/1.1 GET http://localhost:56624/favicon-16x16.png   (ca22a1cb)
2018-12-03T10:05:54.4705244+02:00 0HLIOUOIHN7VV:00000002 [INF] The file "/favicon-16x16.png" was not modified (f1f8d725)
2018-12-03T10:05:54.4936185+02:00 0HLIOUOIHN7VV:00000002 [INF] Request finished in 59.8461ms 304 image/png (791a596a)
2018-12-03T10:05:54.5480583+02:00 0HLIOUOIHN7VU:00000002 [INF] Request starting HTTP/1.1 GET http://localhost:56624/swagger/v1/swagger.json   (ca22a1cb)
2018-12-03T10:05:55.2841907+02:00 0HLIOUOIHN7VU:00000002 [INF] Request finished in 761.7362ms 200 application/json (791a596a)
2018-12-03T10:10:54.6090771+02:00 0HLIOURBUH2S1:00000001 [INF] Request starting HTTP/1.1 GET http://localhost:56624/   (ca22a1cb)
2018-12-03T10:10:55.2357611+02:00 0HLIOURBUH2S1:00000001 [INF] Request finished in 648.7651ms 200 text/html (791a596a)
2018-12-03T10:10:55.4817496+02:00 0HLIOURBUH2S2:00000001 [INF] Request starting HTTP/1.1 GET http://localhost:56624/swagger-ui-bundle.js   (ca22a1cb)
2018-12-03T10:10:55.5259573+02:00 0HLIOURBUH2S3:00000001 [INF] Request starting HTTP/1.1 GET http://localhost:56624/swagger-ui-standalone-preset.js   (ca22a1cb)
2018-12-03T10:10:55.5528265+02:00 0HLIOURBUH2S1:00000002 [INF] Request starting HTTP/1.1 GET http://localhost:56624/swagger-ui.css   (ca22a1cb)
2018-12-03T10:10:55.6381853+02:00 0HLIOURBUH2S2:00000001 [INF] The file "/swagger-ui-bundle.js" was not modified (f1f8d725)
2018-12-03T10:10:55.6548504+02:00 0HLIOURBUH2S1:00000002 [INF] Sending file. Request path: '"/swagger-ui.css"'. Physical path: '"N/A"' (27b0a520)
2018-12-03T10:10:55.6633428+02:00 0HLIOURBUH2S3:00000001 [INF] The file "/swagger-ui-standalone-preset.js" was not modified (f1f8d725)
2018-12-03T10:10:55.7380773+02:00 0HLIOURBUH2S3:00000001 [INF] Request finished in 315.061ms 304 application/javascript (791a596a)
2018-12-03T10:10:55.7913148+02:00 0HLIOURBUH2S1:00000002 [INF] Request finished in 224.1918ms 200 text/css (791a596a)
2018-12-03T10:10:55.8203135+02:00 0HLIOURBUH2S2:00000001 [INF] Request finished in 315.0616ms 304 application/javascript (791a596a)
2018-12-03T10:10:55.9288711+02:00 0HLIOURBUH2S3:00000002 [INF] Request starting HTTP/1.1 GET http://localhost:56624/favicon-16x16.png   (ca22a1cb)
2018-12-03T10:10:55.9519564+02:00 0HLIOURBUH2S3:00000002 [INF] Sending file. Request path: '"/favicon-16x16.png"'. Physical path: '"N/A"' (27b0a520)
2018-12-03T10:10:55.9743199+02:00 0HLIOURBUH2S3:00000002 [INF] Request finished in 40.2215ms 200 image/png (791a596a)
2018-12-03T10:10:56.0004707+02:00 0HLIOURBUH2S3:00000003 [INF] Request starting HTTP/1.1 GET http://localhost:56624/swagger/v1/swagger.json   (ca22a1cb)
2018-12-03T10:10:56.6379180+02:00 0HLIOURBUH2S3:00000003 [INF] Request finished in 638.729ms 200 application/json (791a596a)
2018-12-03T10:11:54.2554132+02:00 0HLIOURBUH2S4:00000001 [INF] Request starting HTTP/1.1 GET http://10.0.2.2:56624/api/News   (ca22a1cb)
2018-12-03T10:11:54.5700123+02:00 0HLIOURBUH2S4:00000001 [INF] Executing action method "News.Api.Controllers.NewsController.Get (News.Api)" with arguments (null) - ModelState is Valid (ba7f4ac2)
2018-12-03T10:11:58.1907926+02:00 0HLIOURBUH2S4:00000001 [INF] Entity Framework Core "2.0.3-rtm-10026" initialized '"ApplicationDbContext"' using provider '"Microsoft.EntityFrameworkCore.SqlServer"' with options: "None" (9958f5bb)
2018-12-03T10:11:58.6367320+02:00 0HLIOURBUH2S4:00000001 [INF] Executed DbCommand ("24"ms) [Parameters=[""], CommandType='Text', CommandTimeout='30']"
""SELECT [dto].[Id], [dto].[Title], [dto].[Content], [dto].[PublishDate]
FROM [News] AS [dto]
ORDER BY [dto].[PublishDate] DESC" (0723d8ff)
2018-12-03T10:12:00.2488333+02:00 0HLIOURBUH2S4:00000001 [INF] Executing ObjectResult, writing value "Microsoft.AspNetCore.Mvc.ControllerContext". (4e968210)
2018-12-03T10:12:00.3112382+02:00 0HLIOURBUH2S4:00000001 [INF] Executed action "News.Api.Controllers.NewsController.Get (News.Api)" in 5783.4936ms (afa2e885)
2018-12-03T10:12:00.3395924+02:00 0HLIOURBUH2S4:00000001 [INF] Request finished in 6084.3912ms 200 application/json; charset=utf-8 (791a596a)
2018-12-03T10:13:46.3921305+02:00 0HLIOURBUH2S5:00000001 [INF] Request starting HTTP/1.1 GET http://localhost:56624/api/News   (ca22a1cb)
2018-12-03T10:13:50.2534233+02:00 0HLIOURBUH2S5:00000001 [INF] Executing action method "News.Api.Controllers.NewsController.Get (News.Api)" with arguments (null) - ModelState is Valid (ba7f4ac2)
2018-12-03T10:13:52.8352128+02:00 0HLIOURBUH2S5:00000001 [INF] Entity Framework Core "2.0.3-rtm-10026" initialized '"ApplicationDbContext"' using provider '"Microsoft.EntityFrameworkCore.SqlServer"' with options: "None" (9958f5bb)
2018-12-03T10:13:52.9016864+02:00 0HLIOURBUH2S5:00000001 [INF] Executed DbCommand ("5"ms) [Parameters=[""], CommandType='Text', CommandTimeout='30']"
""SELECT [dto].[Id], [dto].[Title], [dto].[Content], [dto].[PublishDate]
FROM [News] AS [dto]
ORDER BY [dto].[PublishDate] DESC" (0723d8ff)
2018-12-03T10:13:52.9168511+02:00 0HLIOURBUH2S5:00000001 [INF] Executing ObjectResult, writing value "Microsoft.AspNetCore.Mvc.ControllerContext". (4e968210)
2018-12-03T10:13:52.9261969+02:00 0HLIOURBUH2S5:00000001 [INF] Executed action "News.Api.Controllers.NewsController.Get (News.Api)" in 2672.069ms (afa2e885)
2018-12-03T10:13:52.9754092+02:00 0HLIOURBUH2S5:00000001 [INF] Request finished in 6563.6744ms 200 application/json; charset=utf-8 (791a596a)
2018-12-03T10:15:01.4723111+02:00 0HLIOURBUH2S4:00000002 [INF] Request starting HTTP/1.1 GET http://10.0.2.2:56624/api/News   (ca22a1cb)
2018-12-03T10:15:01.4814017+02:00 0HLIOURBUH2S4:00000002 [INF] Executing action method "News.Api.Controllers.NewsController.Get (News.Api)" with arguments (null) - ModelState is Valid (ba7f4ac2)
2018-12-03T10:15:09.9394592+02:00 0HLIOURBUH2S4:00000002 [INF] Entity Framework Core "2.0.3-rtm-10026" initialized '"ApplicationDbContext"' using provider '"Microsoft.EntityFrameworkCore.SqlServer"' with options: "None" (9958f5bb)
2018-12-03T10:15:10.0179811+02:00 0HLIOURBUH2S4:00000002 [INF] Executed DbCommand ("0"ms) [Parameters=[""], CommandType='Text', CommandTimeout='30']"
""SELECT [dto].[Id], [dto].[Title], [dto].[Content], [dto].[PublishDate]
FROM [News] AS [dto]
ORDER BY [dto].[PublishDate] DESC" (0723d8ff)
2018-12-03T10:15:11.2122104+02:00 0HLIOURBUH2S4:00000002 [INF] Executing ObjectResult, writing value "Microsoft.AspNetCore.Mvc.ControllerContext". (4e968210)
2018-12-03T10:15:11.2411319+02:00 0HLIOURBUH2S4:00000002 [INF] Executed action "News.Api.Controllers.NewsController.Get (News.Api)" in 9759.6301ms (afa2e885)
2018-12-03T10:15:11.2513088+02:00 0HLIOURBUH2S4:00000002 [INF] Request finished in 9778.8552ms 200 application/json; charset=utf-8 (791a596a)
